c:\users\pjsli\repos\mfc-template\mfc-template\x64\debug\mfc-template.pch
c:\users\pjsli\repos\mfc-template\mfc-template\x64\debug\vc143.pdb
c:\users\pjsli\repos\mfc-template\mfc-template\x64\debug\vc143.idb
c:\users\pjsli\repos\mfc-template\mfc-template\x64\debug\pch.obj
c:\users\pjsli\repos\mfc-template\mfc-template\x64\debug\mfc-templatedlg.obj
c:\users\pjsli\repos\mfc-template\mfc-template\x64\debug\mfc-template.obj
c:\users\pjsli\repos\mfc-template\mfc-template\x64\debug\mfc-template.ilk
c:\users\pjsli\repos\mfc-template\mfc-template\x64\debug\mfc-template.exe
c:\users\pjsli\repos\mfc-template\mfc-template\x64\debug\mfc-template.pdb
c:\users\pjsli\repos\mfc-template\mfc-template\x64\debug\mfctemplate.res
c:\users\pjsli\repos\mfc-template\mfc-template\x64\debug\mfc-template.tlog\cl.command.1.tlog
c:\users\pjsli\repos\mfc-template\mfc-template\x64\debug\mfc-template.tlog\cl.items.tlog
c:\users\pjsli\repos\mfc-template\mfc-template\x64\debug\mfc-template.tlog\cl.read.1.tlog
c:\users\pjsli\repos\mfc-template\mfc-template\x64\debug\mfc-template.tlog\cl.write.1.tlog
c:\users\pjsli\repos\mfc-template\mfc-template\x64\debug\mfc-template.tlog\link.command.1.tlog
c:\users\pjsli\repos\mfc-template\mfc-template\x64\debug\mfc-template.tlog\link.read.1.tlog
c:\users\pjsli\repos\mfc-template\mfc-template\x64\debug\mfc-template.tlog\link.write.1.tlog
c:\users\pjsli\repos\mfc-template\mfc-template\x64\debug\mfc-template.tlog\rc.command.1.tlog
c:\users\pjsli\repos\mfc-template\mfc-template\x64\debug\mfc-template.tlog\rc.read.1.tlog
c:\users\pjsli\repos\mfc-template\mfc-template\x64\debug\mfc-template.tlog\rc.write.1.tlog
